Arguments: 
  /usr/local/bin/node /usr/local/bin/yarn

PATH: 
  /opt/homebrew/bin:/opt/homebrew/sbin:/usr/local/bin:/usr/bin:/bin:/usr/sbin:/sbin:/Library/Apple/usr/bin:/opt/homebrew/bin:/opt/homebrew/sbin

Yarn version: 
  1.22.10

Node version: 
  16.3.0

Platform: 
  darwin arm64

Trace: 
  Invariant Violation: should have a resolved reference
      at invariant (/usr/local/lib/node_modules/yarn/lib/cli.js:2314:15)
      at PackageRequest.resolveToExistingVersion (/usr/local/lib/node_modules/yarn/lib/cli.js:36670:51)
      at PackageResolver.resolvePackagesWithExistingVersions (/usr/local/lib/node_modules/yarn/lib/cli.js:65704:13)
      at PackageResolver.<anonymous> (/usr/local/lib/node_modules/yarn/lib/cli.js:65560:12)
      at Generator.next (<anonymous>)
      at step (/usr/local/lib/node_modules/yarn/lib/cli.js:310:30)
      at /usr/local/lib/node_modules/yarn/lib/cli.js:321:13
      at processTicksAndRejections (node:internal/process/task_queues:96:5)

npm manifest: 
  {
    "name": "react-pro",
    "version": "0.0.1",
    "description": "",
    "main": "lib/index.js",
    "scripts": {
      "start": "union-tool run dev",
      "compile": "union-tool run compile source=src/components",
      "lint": "union-tool run lint source=src/components",
      "test": "echo \"Error: no test specified\" && exit 1"
    },
    "flies": [
      "lib",
      "es"
    ],
    "author": "",
    "license": "ISC",
    "devDependencies": {
      "@types/classnames": "^2.3.1",
      "@types/react-dom": "^18.0.11",
      "union-tool": "^0.1.2"
    },
    "dependencies": {
      "@union-design/affix": "^0.0.3",
      "@union-design/button": "^0.0.3",
      "@union-design/config-provider": "^0.0.3",
      "@union-design/header": "^0.0.2",
      "@union-design/icon": "^0.0.1",
      "@union-design/select": "^0.0.1",
      "@union-design/tooltip": "^0.0.1",
      "classnames": "^2.3.2",
      "react": "^18.2.0",
      "react-dom": "^18.2.0",
      "react-router-dom": "^6.11.1",
      "union-design": "^1.0.42"
    }
  }

yarn manifest: 
  No manifest

Lockfile: 
  No lockfile
